<?xml version="1.0" encoding="UTF-8"?>
<coverage generated="1562682395066" clover="3.2.0">
  <project timestamp="1562682395066" name="All files">
    <metrics statements="23" coveredstatements="20" conditionals="10" coveredconditionals="7" methods="6" coveredmethods="6" elements="39" coveredelements="33" complexity="0" loc="23" ncloc="23" packages="3" files="4" classes="4"/>
    <package name="components.Button">
      <metrics statements="5" coveredstatements="5" conditionals="2" coveredconditionals="2" methods="2" coveredmethods="2"/>
      <file name="Button.tsx" path="/Users/itelofilho/Documents-Local/git/ruptivacodechallenge/src/components/Button/Button.tsx">
        <metrics statements="5" coveredstatements="5" conditionals="2" coveredconditionals="2" methods="2" coveredmethods="2"/>
        <line num="19" count="1" type="stmt"/>
        <line num="20" count="5" type="stmt"/>
        <line num="21" count="5" type="stmt"/>
        <line num="39" count="1" type="stmt"/>
        <line num="44" count="5" type="stmt"/>
      </file>
    </package>
    <package name="components.Check">
      <metrics statements="5" coveredstatements="5" conditionals="2" coveredconditionals="2" methods="2" coveredmethods="2"/>
      <file name="Check.tsx" path="/Users/itelofilho/Documents-Local/git/ruptivacodechallenge/src/components/Check/Check.tsx">
        <metrics statements="5" coveredstatements="5" conditionals="2" coveredconditionals="2" methods="2" coveredmethods="2"/>
        <line num="10" count="1" type="stmt"/>
        <line num="11" count="2" type="stmt"/>
        <line num="12" count="2" type="stmt"/>
        <line num="13" count="2" type="stmt"/>
        <line num="21" count="2" type="stmt"/>
      </file>
    </package>
    <package name="utils.styles">
      <metrics statements="13" coveredstatements="10" conditionals="6" coveredconditionals="3" methods="2" coveredmethods="2"/>
      <file name="ThemeContext.tsx" path="/Users/itelofilho/Documents-Local/git/ruptivacodechallenge/src/utils/styles/ThemeContext.tsx">
        <metrics statements="3" coveredstatements="3" conditionals="0" coveredconditionals="0" methods="0" coveredmethods="0"/>
        <line num="18" count="2" type="stmt"/>
        <line num="24" count="2" type="stmt"/>
        <line num="206" count="2" type="stmt"/>
      </file>
      <file name="useStyles.tsx" path="/Users/itelofilho/Documents-Local/git/ruptivacodechallenge/src/utils/styles/useStyles.tsx">
        <metrics statements="10" coveredstatements="7" conditionals="6" coveredconditionals="3" methods="2" coveredmethods="2"/>
        <line num="17" count="7" type="stmt"/>
        <line num="18" count="7" type="stmt"/>
        <line num="19" count="7" type="cond" truecount="1" falsecount="1"/>
        <line num="20" count="0" type="stmt"/>
        <line num="23" count="7" type="stmt"/>
        <line num="24" count="7" type="cond" truecount="1" falsecount="1"/>
        <line num="25" count="7" type="cond" truecount="1" falsecount="1"/>
        <line num="26" count="0" type="stmt"/>
        <line num="28" count="7" type="stmt"/>
        <line num="30" count="0" type="stmt"/>
      </file>
    </package>
  </project>
</coverage>
