{"/Users/itelofilho/Documents-Local/git/ruptivacodechallenge/src/components/Button/Button.tsx": {"path":"/Users/itelofilho/Documents-Local/git/ruptivacodechallenge/src/components/Button/Button.tsx","statementMap":{"0":{"start":{"line":19,"column":15},"end":{"line":37,"column":1}},"1":{"start":{"line":20,"column":17},"end":{"line":20,"column":35}},"2":{"start":{"line":21,"column":2},"end":{"line":36,"column":3}},"3":{"start":{"line":39,"column":0},"end":{"line":42,"column":2}},"4":{"start":{"line":44,"column":16},"end":{"line":67,"column":2}},"5":{"start":{"line":44,"column":39},"end":{"line":67,"column":1}}},"fnMap":{"0":{"name":"(anonymous_0)","decl":{"start":{"line":19,"column":15},"end":{"line":19,"column":16}},"loc":{"start":{"line":19,"column":39},"end":{"line":37,"column":1}},"line":19},"1":{"name":"(anonymous_1)","decl":{"start":{"line":44,"column":16},"end":{"line":44,"column":17}},"loc":{"start":{"line":44,"column":39},"end":{"line":67,"column":1}},"line":44}},"branchMap":{"0":{"loc":{"start":{"line":28,"column":7},"end":{"line":34,"column":88}},"type":"cond-expr","locations":[{"start":{"line":28,"column":25},"end":{"line":33,"column":13}},{"start":{"line":34,"column":8},"end":{"line":34,"column":88}}],"line":28}},"s":{"0":1,"1":5,"2":5,"3":1,"4":1,"5":5},"f":{"0":5,"1":5},"b":{"0":[2,3]},"_coverageSchema":"43e27e138ebf9cfc5966b082cf9a028302ed4184","hash":"b3edcbe8c034e3b317969c60f8fcb9126026ebdd"}
,"/Users/itelofilho/Documents-Local/git/ruptivacodechallenge/src/components/Check/Check.tsx": {"path":"/Users/itelofilho/Documents-Local/git/ruptivacodechallenge/src/components/Check/Check.tsx","statementMap":{"0":{"start":{"line":10,"column":14},"end":{"line":19,"column":1}},"1":{"start":{"line":11,"column":17},"end":{"line":11,"column":35}},"2":{"start":{"line":12,"column":16},"end":{"line":12,"column":46}},"3":{"start":{"line":13,"column":2},"end":{"line":18,"column":3}},"4":{"start":{"line":21,"column":16},"end":{"line":35,"column":2}},"5":{"start":{"line":21,"column":39},"end":{"line":35,"column":1}}},"fnMap":{"0":{"name":"(anonymous_0)","decl":{"start":{"line":10,"column":14},"end":{"line":10,"column":15}},"loc":{"start":{"line":10,"column":37},"end":{"line":19,"column":1}},"line":10},"1":{"name":"(anonymous_1)","decl":{"start":{"line":21,"column":16},"end":{"line":21,"column":17}},"loc":{"start":{"line":21,"column":39},"end":{"line":35,"column":1}},"line":21}},"branchMap":{"0":{"loc":{"start":{"line":16,"column":22},"end":{"line":16,"column":72}},"type":"cond-expr","locations":[{"start":{"line":16,"column":38},"end":{"line":16,"column":63}},{"start":{"line":16,"column":66},"end":{"line":16,"column":72}}],"line":16}},"s":{"0":1,"1":2,"2":2,"3":2,"4":1,"5":2},"f":{"0":2,"1":2},"b":{"0":[1,1]},"_coverageSchema":"43e27e138ebf9cfc5966b082cf9a028302ed4184","hash":"f4592cf13d0807cd2cb93a537d59dc605f070f1a"}
,"/Users/itelofilho/Documents-Local/git/ruptivacodechallenge/src/utils/styles/ThemeContext.tsx": {"path":"/Users/itelofilho/Documents-Local/git/ruptivacodechallenge/src/utils/styles/ThemeContext.tsx","statementMap":{"0":{"start":{"line":18,"column":30},"end":{"line":22,"column":1}},"1":{"start":{"line":24,"column":21},"end":{"line":199,"column":1}},"2":{"start":{"line":206,"column":21},"end":{"line":206,"column":58}}},"fnMap":{},"branchMap":{},"s":{"0":2,"1":2,"2":2},"f":{},"b":{},"_coverageSchema":"43e27e138ebf9cfc5966b082cf9a028302ed4184","hash":"241ea800c99fc7a6bb621c49575fbc5fbea8a6e6"}
,"/Users/itelofilho/Documents-Local/git/ruptivacodechallenge/src/utils/styles/useStyles.tsx": {"path":"/Users/itelofilho/Documents-Local/git/ruptivacodechallenge/src/utils/styles/useStyles.tsx","statementMap":{"0":{"start":{"line":17,"column":16},"end":{"line":17,"column":40}},"1":{"start":{"line":18,"column":13},"end":{"line":18,"column":41}},"2":{"start":{"line":19,"column":2},"end":{"line":21,"column":3}},"3":{"start":{"line":20,"column":4},"end":{"line":20,"column":40}},"4":{"start":{"line":23,"column":2},"end":{"line":32,"column":11}},"5":{"start":{"line":24,"column":4},"end":{"line":31,"column":5}},"6":{"start":{"line":25,"column":6},"end":{"line":27,"column":7}},"7":{"start":{"line":26,"column":8},"end":{"line":26,"column":72}},"8":{"start":{"line":28,"column":6},"end":{"line":28,"column":53}},"9":{"start":{"line":30,"column":6},"end":{"line":30,"column":46}}},"fnMap":{"0":{"name":"useStyles","decl":{"start":{"line":13,"column":9},"end":{"line":13,"column":18}},"loc":{"start":{"line":16,"column":2},"end":{"line":33,"column":1}},"line":16},"1":{"name":"(anonymous_1)","decl":{"start":{"line":23,"column":17},"end":{"line":23,"column":18}},"loc":{"start":{"line":23,"column":23},"end":{"line":32,"column":3}},"line":23}},"branchMap":{"0":{"loc":{"start":{"line":19,"column":2},"end":{"line":21,"column":3}},"type":"if","locations":[{"start":{"line":19,"column":2},"end":{"line":21,"column":3}},{"start":{"line":19,"column":2},"end":{"line":21,"column":3}}],"line":19},"1":{"loc":{"start":{"line":24,"column":4},"end":{"line":31,"column":5}},"type":"if","locations":[{"start":{"line":24,"column":4},"end":{"line":31,"column":5}},{"start":{"line":24,"column":4},"end":{"line":31,"column":5}}],"line":24},"2":{"loc":{"start":{"line":25,"column":6},"end":{"line":27,"column":7}},"type":"if","locations":[{"start":{"line":25,"column":6},"end":{"line":27,"column":7}},{"start":{"line":25,"column":6},"end":{"line":27,"column":7}}],"line":25}},"s":{"0":7,"1":7,"2":7,"3":0,"4":7,"5":7,"6":7,"7":0,"8":7,"9":0},"f":{"0":7,"1":7},"b":{"0":[0,7],"1":[7,0],"2":[0,7]},"_coverageSchema":"43e27e138ebf9cfc5966b082cf9a028302ed4184","hash":"a01e0e4c5b1605cdfaed0711cd64e826384b84d5"}
}
