TN:
SF:/Users/itelofilho/Documents-Local/git/ruptivacodechallenge/src/components/Button/Button.tsx
FN:19,(anonymous_0)
FN:44,(anonymous_1)
FNF:2
FNH:2
FNDA:5,(anonymous_0)
FNDA:5,(anonymous_1)
DA:19,1
DA:20,5
DA:21,5
DA:39,1
DA:44,5
LF:5
LH:5
BRDA:28,0,0,2
BRDA:28,0,1,3
BRF:2
BRH:2
end_of_record
TN:
SF:/Users/itelofilho/Documents-Local/git/ruptivacodechallenge/src/components/Check/Check.tsx
FN:10,(anonymous_0)
FN:21,(anonymous_1)
FNF:2
FNH:2
FNDA:2,(anonymous_0)
FNDA:2,(anonymous_1)
DA:10,1
DA:11,2
DA:12,2
DA:13,2
DA:21,2
LF:5
LH:5
BRDA:16,0,0,1
BRDA:16,0,1,1
BRF:2
BRH:2
end_of_record
TN:
SF:/Users/itelofilho/Documents-Local/git/ruptivacodechallenge/src/utils/styles/ThemeContext.tsx
FNF:0
FNH:0
DA:18,2
DA:24,2
DA:206,2
LF:3
LH:3
BRF:0
BRH:0
end_of_record
TN:
SF:/Users/itelofilho/Documents-Local/git/ruptivacodechallenge/src/utils/styles/useStyles.tsx
FN:13,useStyles
FN:23,(anonymous_1)
FNF:2
FNH:2
FNDA:7,useStyles
FNDA:7,(anonymous_1)
DA:17,7
DA:18,7
DA:19,7
DA:20,0
DA:23,7
DA:24,7
DA:25,7
DA:26,0
DA:28,7
DA:30,0
LF:10
LH:7
BRDA:19,0,0,0
BRDA:19,0,1,7
BRDA:24,1,0,7
BRDA:24,1,1,0
BRDA:25,2,0,0
BRDA:25,2,1,7
BRF:6
BRH:3
end_of_record
